<?xml version="1.0" encoding="UTF-8"?>
<!-- Generated by org.testng.reporters.JUnitXMLReporter -->
<testsuite hostname="DESKTOP-Q0UIBES" ignored="0" name="TestNG" tests="4" failures="0" timestamp="29 Sep 2020 18:37:30 GMT" time="53.607" errors="0">
  <testcase name="runScenario" time="20.674" classname="io.cucumber.testng.AbstractTestNGCucumberTests"/>
  <testcase name="runScenario" time="9.618" classname="io.cucumber.testng.AbstractTestNGCucumberTests"/>
  <testcase name="runScenario" time="10.092" classname="io.cucumber.testng.AbstractTestNGCucumberTests"/>
  <testcase name="runScenario" time="10.887" classname="io.cucumber.testng.AbstractTestNGCucumberTests"/>
</testsuite> <!-- TestNG -->
