<?xml version="1.0" encoding="UTF-8"?>
<testng-results skipped="0" failed="0" ignored="0" total="4" passed="4">
  <reporter-output>
  </reporter-output>
  <suite name="Suite" duration-ms="53607" started-at="2020-09-29T18:36:37Z" finished-at="2020-09-29T18:37:30Z">
    <groups>
      <group name="cucumber">
        <method signature="AbstractTestNGCucumberTests.runScenario(io.cucumber.testng.PickleWrapper, io.cucumber.testng.FeatureWrapper)[pri:0, instance:testRunner.TestRunner@50c87b21]" name="runScenario" class="io.cucumber.testng.AbstractTestNGCucumberTests"/>
      </group> <!-- cucumber -->
    </groups>
    <test name="TestNG" duration-ms="53607" started-at="2020-09-29T18:36:37Z" finished-at="2020-09-29T18:37:30Z">
      <class name="testRunner.TestRunner">
        <test-method status="PASS" signature="setUpClass()[pri:0, instance:testRunner.TestRunner@50c87b21]" name="setUpClass" is-config="true" duration-ms="1958" started-at="2020-09-29T18:36:37Z" finished-at="2020-09-29T18:36:39Z">
          <reporter-output>
          </reporter-output>
        </test-method> <!-- setUpClass -->
        <test-method status="PASS" signature="runScenario(io.cucumber.testng.PickleWrapper, io.cucumber.testng.FeatureWrapper)[pri:0, instance:testRunner.TestRunner@50c87b21]" name="runScenario" duration-ms="20674" started-at="2020-09-29T18:36:39Z" description="Runs Cucumber Scenarios" data-provider="scenarios" finished-at="2020-09-29T18:36:59Z">
          <params>
            <param index="0">
              <value>
                <![CDATA["Search for Cucumber in Google"]]>
              </value>
            </param>
            <param index="1">
              <value>
                <![CDATA["Optional[Google Search]"]]>
              </value>
            </param>
          </params>
          <reporter-output>
          </reporter-output>
        </test-method> <!-- runScenario -->
        <test-method status="PASS" signature="runScenario(io.cucumber.testng.PickleWrapper, io.cucumber.testng.FeatureWrapper)[pri:0, instance:testRunner.TestRunner@50c87b21]" name="runScenario" duration-ms="9618" started-at="2020-09-29T18:36:59Z" description="Runs Cucumber Scenarios" data-provider="scenarios" finished-at="2020-09-29T18:37:09Z">
          <params>
            <param index="0">
              <value>
                <![CDATA["Search for Selenium in Google"]]>
              </value>
            </param>
            <param index="1">
              <value>
                <![CDATA["Optional[Google Search]"]]>
              </value>
            </param>
          </params>
          <reporter-output>
          </reporter-output>
        </test-method> <!-- runScenario -->
        <test-method status="PASS" signature="runScenario(io.cucumber.testng.PickleWrapper, io.cucumber.testng.FeatureWrapper)[pri:0, instance:testRunner.TestRunner@50c87b21]" name="runScenario" duration-ms="10092" started-at="2020-09-29T18:37:09Z" description="Runs Cucumber Scenarios" data-provider="scenarios" finished-at="2020-09-29T18:37:19Z">
          <params>
            <param index="0">
              <value>
                <![CDATA["Search for Jenkins in Google"]]>
              </value>
            </param>
            <param index="1">
              <value>
                <![CDATA["Optional[Google Search]"]]>
              </value>
            </param>
          </params>
          <reporter-output>
          </reporter-output>
        </test-method> <!-- runScenario -->
        <test-method status="PASS" signature="runScenario(io.cucumber.testng.PickleWrapper, io.cucumber.testng.FeatureWrapper)[pri:0, instance:testRunner.TestRunner@50c87b21]" name="runScenario" duration-ms="10887" started-at="2020-09-29T18:37:19Z" description="Runs Cucumber Scenarios" data-provider="scenarios" finished-at="2020-09-29T18:37:30Z">
          <params>
            <param index="0">
              <value>
                <![CDATA["Search for TestNG in Google"]]>
              </value>
            </param>
            <param index="1">
              <value>
                <![CDATA["Optional[Google Search]"]]>
              </value>
            </param>
          </params>
          <reporter-output>
          </reporter-output>
        </test-method> <!-- runScenario -->
        <test-method status="PASS" signature="tearDownClass()[pri:0, instance:testRunner.TestRunner@50c87b21]" name="tearDownClass" is-config="true" duration-ms="316" started-at="2020-09-29T18:37:30Z" finished-at="2020-09-29T18:37:30Z">
          <reporter-output>
          </reporter-output>
        </test-method> <!-- tearDownClass -->
      </class> <!-- testRunner.TestRunner -->
    </test> <!-- TestNG -->
  </suite> <!-- Suite -->
</testng-results>
