<?xml version="1.0" encoding="UTF-8"?>
<testng-results skipped="0" failed="0" total="4" passed="4">
  <reporter-output>
  </reporter-output>
  <suite name="Suite" duration-ms="61514" started-at="2020-09-29T18:25:52Z" finished-at="2020-09-29T18:26:53Z">
    <groups>
      <group name="cucumber">
        <method signature="AbstractTestNGCucumberTests.runScenario(io.cucumber.testng.PickleWrapper, io.cucumber.testng.FeatureWrapper)[pri:0, instance:testRunner.TestRunner@1e397ed7]" name="runScenario" class="io.cucumber.testng.AbstractTestNGCucumberTests"/>
      </group> <!-- cucumber -->
    </groups>
    <test name="TestNG" duration-ms="61514" started-at="2020-09-29T18:25:52Z" finished-at="2020-09-29T18:26:53Z">
      <class name="testRunner.TestRunner">
        <test-method status="PASS" signature="setUpClass()[pri:0, instance:testRunner.TestRunner@1e397ed7]" name="setUpClass" is-config="true" duration-ms="2276" started-at="2020-09-29T23:55:52Z" finished-at="2020-09-29T23:55:54Z">
          <reporter-output>
          </reporter-output>
        </test-method> <!-- setUpClass -->
        <test-method status="PASS" signature="runScenario(io.cucumber.testng.PickleWrapper, io.cucumber.testng.FeatureWrapper)[pri:0, instance:testRunner.TestRunner@1e397ed7]" name="runScenario" duration-ms="23826" started-at="2020-09-29T23:55:54Z" description="Runs Cucumber Scenarios" data-provider="scenarios" finished-at="2020-09-29T23:56:18Z">
          <params>
            <param index="0">
              <value>
                <![CDATA["Search for Cucumber in Google"]]>
              </value>
            </param>
            <param index="1">
              <value>
                <![CDATA["Optional[Google Search]"]]>
              </value>
            </param>
          </params>
          <reporter-output>
          </reporter-output>
        </test-method> <!-- runScenario -->
        <test-method status="PASS" signature="runScenario(io.cucumber.testng.PickleWrapper, io.cucumber.testng.FeatureWrapper)[pri:0, instance:testRunner.TestRunner@1e397ed7]" name="runScenario" duration-ms="12321" started-at="2020-09-29T23:56:18Z" description="Runs Cucumber Scenarios" data-provider="scenarios" finished-at="2020-09-29T23:56:30Z">
          <params>
            <param index="0">
              <value>
                <![CDATA["Search for Selenium in Google"]]>
              </value>
            </param>
            <param index="1">
              <value>
                <![CDATA["Optional[Google Search]"]]>
              </value>
            </param>
          </params>
          <reporter-output>
          </reporter-output>
        </test-method> <!-- runScenario -->
        <test-method status="PASS" signature="runScenario(io.cucumber.testng.PickleWrapper, io.cucumber.testng.FeatureWrapper)[pri:0, instance:testRunner.TestRunner@1e397ed7]" name="runScenario" duration-ms="11631" started-at="2020-09-29T23:56:30Z" description="Runs Cucumber Scenarios" data-provider="scenarios" finished-at="2020-09-29T23:56:42Z">
          <params>
            <param index="0">
              <value>
                <![CDATA["Search for Jenkins in Google"]]>
              </value>
            </param>
            <param index="1">
              <value>
                <![CDATA["Optional[Google Search]"]]>
              </value>
            </param>
          </params>
          <reporter-output>
          </reporter-output>
        </test-method> <!-- runScenario -->
        <test-method status="PASS" signature="runScenario(io.cucumber.testng.PickleWrapper, io.cucumber.testng.FeatureWrapper)[pri:0, instance:testRunner.TestRunner@1e397ed7]" name="runScenario" duration-ms="10928" started-at="2020-09-29T23:56:42Z" description="Runs Cucumber Scenarios" data-provider="scenarios" finished-at="2020-09-29T23:56:53Z">
          <params>
            <param index="0">
              <value>
                <![CDATA["Search for TestNG in Google"]]>
              </value>
            </param>
            <param index="1">
              <value>
                <![CDATA["Optional[Google Search]"]]>
              </value>
            </param>
          </params>
          <reporter-output>
          </reporter-output>
        </test-method> <!-- runScenario -->
        <test-method status="PASS" signature="tearDownClass()[pri:0, instance:testRunner.TestRunner@1e397ed7]" name="tearDownClass" is-config="true" duration-ms="372" started-at="2020-09-29T23:56:53Z" finished-at="2020-09-29T23:56:53Z">
          <reporter-output>
          </reporter-output>
        </test-method> <!-- tearDownClass -->
      </class> <!-- testRunner.TestRunner -->
    </test> <!-- TestNG -->
  </suite> <!-- Suite -->
</testng-results>
